<?xml version="1.0" encoding="UTF-8"?>
<!-- Generated by org.testng.reporters.JUnitXMLReporter -->
<testsuite ignored="0" hostname="mm.home" failures="0" tests="2" name="User Requirement 1" time="17.913" errors="0" timestamp="05 Apr 2021 12:24:17 GMT">
  <testcase classname="jl.project.EdgeTests.UserRequirement1_Test" name="createCategory" time="6.366"/>
  <testcase classname="jl.project.EdgeTests.UserRequirement1_Test" name="deleteCategory" time="8.458"/>
</testsuite> <!-- User Requirement 1 -->
