<?xml version="1.0" encoding="UTF-8"?>
<!-- Generated by org.testng.reporters.JUnitXMLReporter -->
<testsuite ignored="0" hostname="DESKTOP-CL5VKH3" failures="0" tests="2" name="User Requirement 1" time="22.492" errors="0" timestamp="05 Apr 2021 17:00:56 GMT">
  <testcase classname="jl.project.EdgeTests.UserRequirement1_Test" name="createCategory" time="6.461"/>
  <testcase classname="jl.project.EdgeTests.UserRequirement1_Test" name="deleteCategory" time="10.776"/>
</testsuite> <!-- User Requirement 1 -->
