<?xml version="1.0" encoding="UTF-8"?>
<!-- Generated by org.testng.reporters.JUnitXMLReporter -->
<testsuite ignored="0" hostname="DESKTOP-CL5VKH3" failures="0" tests="2" name="User Requirement 2" time="28.497" errors="0" timestamp="19 Apr 2021 10:04:10 GMT">
  <testcase classname="jl.project._edgetests.UserRequirement2_Test" name="createItem" time="9.022"/>
  <testcase classname="jl.project._edgetests.UserRequirement2_Test" name="deleteItem_UsingClicks" time="11.688"/>
</testsuite> <!-- User Requirement 2 -->
