<?xml version="1.0" encoding="UTF-8"?>
<!-- Generated by org.testng.reporters.JUnitXMLReporter -->
<testsuite ignored="0" hostname="mm.home" failures="0" tests="3" name="User Requirement 4 Part 1" time="107.202" errors="0" timestamp="16 Apr 2021 15:00:02 GMT">
  <testcase classname="jl.project.edgetests.UserRequirement4_1_Test" name="createAndDeleteACategoryWithKeyboardOnly_EnterKey" time="28.841"/>
  <testcase classname="jl.project.edgetests.UserRequirement4_1_Test" name="createAndDeleteItemWithKeyboardOnly_EnterKey" time="29.754"/>
  <testcase classname="jl.project.edgetests.UserRequirement4_1_Test" name="HideAndDisplayItemsWithKeyboardOnly_EnterKey" time="46.13"/>
</testsuite> <!-- User Requirement 4 Part 1 -->
