<?xml version="1.0" encoding="UTF-8"?>
<!-- Generated by org.testng.reporters.JUnitXMLReporter -->
<testsuite ignored="0" hostname="mm.home" failures="1" tests="1" name="User Requirement 3" time="3.079" errors="0" timestamp="02 Apr 2021 13:27:25 GMT">
  <testcase classname="jl.project.EdgeTests.UserRequirement3_Test" name="hideAndDisplayItem" time="1.752">
    <failure type="java.lang.NoClassDefFoundError" message="Could not initialize class net.sourceforge.tess4j.TessAPI">
      <![CDATA[java.lang.NoClassDefFoundError: Could not initialize class net.sourceforge.tess4j.TessAPIat net.sourceforge.tess4j.Tesseract.init(Tesseract.java:427)at net.sourceforge.tess4j.Tesseract.doOCR(Tesseract.java:223)at net.sourceforge.tess4j.Tesseract.doOCR(Tesseract.java:195)at jl.project.EdgeTests.UserRequirement3_Test.hideAndDisplayItem(UserRequirement3_Test.java:115)... Removed 29 stack frames]]>
    </failure>
  </testcase> <!-- hideAndDisplayItem -->
</testsuite> <!-- User Requirement 3 -->
