<?xml version="1.0" encoding="UTF-8"?>
<!-- Generated by org.testng.reporters.JUnitXMLReporter -->
<testsuite ignored="0" hostname="DESKTOP-CL5VKH3" failures="0" tests="2" name="User Requirement 2" time="25.317" errors="0" timestamp="02 Apr 2021 07:28:33 GMT">
  <testcase classname="jl.project.FirefoxTests.UserRequirement2_Test" name="createItem" time="2.497"/>
  <testcase classname="jl.project.FirefoxTests.UserRequirement2_Test" name="deleteItem" time="2.129"/>
</testsuite> <!-- User Requirement 2 -->
