<?xml version="1.0" encoding="UTF-8"?>
<!-- Generated by org.testng.reporters.JUnitXMLReporter -->
<testsuite ignored="0" hostname="mm.home" failures="1" tests="2" name="User Requirement 2" time="4.574" errors="0" timestamp="02 Apr 2021 13:28:56 GMT">
  <testcase classname="jl.project.FirefoxTests.UserRequirement2_Test" name="createItem" time="0.595"/>
  <testcase classname="jl.project.FirefoxTests.UserRequirement2_Test" name="deleteItem" time="0.019">
    <failure type="java.lang.AssertionError" message="There should be one item. Number of item found: 4">
      <![CDATA[java.lang.AssertionError: There should be one item. Number of item found: 4at jl.project.FirefoxTests.UserRequirement2_Test.deleteItem(UserRequirement2_Test.java:113)... Removed 29 stack frames]]>
    </failure>
  </testcase> <!-- deleteItem -->
</testsuite> <!-- User Requirement 2 -->
