# JRE version: OpenJDK Runtime Environment (15.0.1+9) (build 15.0.1+9-18)
# Java VM: OpenJDK 64-Bit Server VM (15.0.1+9-18, mixed mode, tiered, compressed oops, g1 gc, linux-amd64)
GC Precious Log:
 CPUs: 4 total, 4 available
 Memory: 7863M
 Large Page Support: Disabled
 NUMA Support: Disabled
 Compressed Oops: Enabled (32-bit)
 Heap Region Size: 1M
 Heap Min Capacity: 8M
 Heap Initial Capacity: 124M
 Heap Max Capacity: 1966M
 Pre-touch: Disabled
 Parallel Workers: 4
 Concurrent Workers: 1
 Concurrent Refinement Workers: 4
 Periodic GC: Disabled
Heap:
 garbage-first heap   total 78848K, used 21421K [0x0000000085200000, 0x0000000100000000)
  region size 1024K, 15 young (15360K), 2 survivors (2048K)
 Metaspace       used 29109K, capacity 29411K, committed 29872K, reserved 1075200K
  class space    used 3107K, capacity 3203K, committed 3328K, reserved 1048576K
GC Heap History (10 events):
Event: 0,783 GC heap before
{Heap before GC invocations=0 (full 0):
 garbage-first heap   total 126976K, used 12288K [0x0000000085200000, 0x0000000100000000)
  region size 1024K, 13 young (13312K), 0 survivors (0K)
 Metaspace       used 10241K, capacity 10410K, committed 10496K, reserved 1058816K
  class space    used 942K, capacity 996K, committed 1024K, reserved 1048576K
}
Event: 0,791 GC heap after
{Heap after GC invocations=1 (full 0):
 garbage-first heap   total 126976K, used 3642K [0x0000000085200000, 0x0000000100000000)
  region size 1024K, 2 young (2048K), 2 survivors (2048K)
 Metaspace       used 10241K, capacity 10410K, committed 10496K, reserved 1058816K
  class space    used 942K, capacity 996K, committed 1024K, reserved 1048576K
}
Event: 1,694 GC heap before
{Heap before GC invocations=1 (full 0):
 garbage-first heap   total 126976K, used 16954K [0x0000000085200000, 0x0000000100000000)
  region size 1024K, 16 young (16384K), 2 survivors (2048K)
 Metaspace       used 16787K, capacity 17009K, committed 17408K, reserved 1064960K
  class space    used 1673K, capacity 1720K, committed 1792K, reserved 1048576K
}
Event: 1,702 GC heap after
{Heap after GC invocations=2 (full 0):
 garbage-first heap   total 126976K, used 6240K [0x0000000085200000, 0x0000000100000000)
  region size 1024K, 2 young (2048K), 2 survivors (2048K)
 Metaspace       used 16787K, capacity 17009K, committed 17408K, reserved 1064960K
  class space    used 1673K, capacity 1720K, committed 1792K, reserved 1048576K
}
Event: 2,215 GC heap before
{Heap before GC invocations=2 (full 0):
 garbage-first heap   total 126976K, used 16480K [0x0000000085200000, 0x0000000100000000)
  region size 1024K, 13 young (13312K), 2 survivors (2048K)
 Metaspace       used 20841K, capacity 21001K, committed 21296K, reserved 1069056K
  class space    used 2123K, capacity 2172K, committed 2176K, reserved 1048576K
}
Event: 2,223 GC heap after
{Heap after GC invocations=3 (full 0):
 garbage-first heap   total 126976K, used 7193K [0x0000000085200000, 0x0000000100000000)
  region size 1024K, 3 young (3072K), 3 survivors (3072K)
 Metaspace       used 20841K, capacity 21001K, committed 21296K, reserved 1069056K
  class space    used 2123K, capacity 2172K, committed 2176K, reserved 1048576K
}
Event: 5,082 GC heap before
{Heap before GC invocations=4 (full 0):
 garbage-first heap   total 30720K, used 22553K [0x0000000085200000, 0x0000000100000000)
  region size 1024K, 18 young (18432K), 3 survivors (3072K)
 Metaspace       used 25188K, capacity 25454K, committed 26032K, reserved 1073152K
  class space    used 2720K, capacity 2803K, committed 2816K, reserved 1048576K
}
Event: 5,099 GC heap after
{Heap after GC invocations=5 (full 0):
 garbage-first heap   total 30720K, used 8213K [0x0000000085200000, 0x0000000100000000)
  region size 1024K, 3 young (3072K), 3 survivors (3072K)
 Metaspace       used 25188K, capacity 25454K, committed 26032K, reserved 1073152K
  class space    used 2720K, capacity 2803K, committed 2816K, reserved 1048576K
}
Event: 8,540 GC heap before
{Heap before GC invocations=5 (full 0):
 garbage-first heap   total 30720K, used 18453K [0x0000000085200000, 0x0000000100000000)
  region size 1024K, 14 young (14336K), 3 survivors (3072K)
 Metaspace       used 26174K, capacity 26446K, committed 26928K, reserved 1073152K
  class space    used 2823K, capacity 2876K, committed 2944K, reserved 1048576K
}
Event: 8,545 GC heap after
{Heap after GC invocations=6 (full 0):
 garbage-first heap   total 78848K, used 9133K [0x0000000085200000, 0x0000000100000000)
  region size 1024K, 2 young (2048K), 2 survivors (2048K)
 Metaspace       used 26174K, capacity 26446K, committed 26928K, reserved 1073152K
  class space    used 2823K, capacity 2876K, committed 2944K, reserved 1048576K
}

