<?xml version="1.0" encoding="UTF-8"?>
<testng-results ignored="0" total="0" passed="0" failed="0" skipped="0">
  <reporter-output>
  </reporter-output>
  <suite started-at="2021-03-30T12:07:26Z" name="Test Suite Chrome" finished-at="2021-03-30T12:07:26Z" duration-ms="147">
    <groups>
    </groups>
    <test started-at="2021-03-30T12:07:26Z" name="User Requirement 1" finished-at="2021-03-30T12:07:26Z" duration-ms="4">
    </test> <!-- User Requirement 1 -->
    <test started-at="2021-03-30T12:07:26Z" name="User Requirement 2" finished-at="2021-03-30T12:07:26Z" duration-ms="0">
    </test> <!-- User Requirement 2 -->
    <test started-at="2021-03-30T12:07:26Z" name="User Requirement 3" finished-at="2021-03-30T12:07:26Z" duration-ms="0">
    </test> <!-- User Requirement 3 -->
    <test started-at="2021-03-30T12:07:26Z" name="User Requirement 4 Part 1" finished-at="2021-03-30T12:07:26Z" duration-ms="0">
    </test> <!-- User Requirement 4 Part 1 -->
    <test started-at="2021-03-30T12:07:26Z" name="User Requirement 4 Part 2" finished-at="2021-03-30T12:07:26Z" duration-ms="0">
    </test> <!-- User Requirement 4 Part 2 -->
  </suite> <!-- Test Suite Chrome -->
</testng-results>
