<?xml version="1.0" encoding="UTF-8"?>
<!-- Generated by org.testng.reporters.JUnitXMLReporter -->
<testsuite ignored="0" hostname="mm.home" failures="1" tests="2" name="User Requirement 2" time="3.244" errors="0" timestamp="12 Mar 2021 17:51:20 GMT">
  <testcase classname="jl.project.EdgeTests.UserRequirement2_Test" name="createItem" time="0.681"/>
  <testcase classname="jl.project.EdgeTests.UserRequirement2_Test" name="deleteItem" time="0.023">
    <failure type="java.lang.AssertionError" message="There should be one item. Number of item found: 3">
      <![CDATA[java.lang.AssertionError: There should be one item. Number of item found: 3at jl.project.EdgeTests.UserRequirement2_Test.deleteItem(UserRequirement2_Test.java:97)... Removed 25 stack frames]]>
    </failure>
  </testcase> <!-- deleteItem -->
</testsuite> <!-- User Requirement 2 -->
