<?xml version="1.0" encoding="UTF-8"?>
<!-- Generated by org.testng.reporters.JUnitXMLReporter -->
<testsuite ignored="0" hostname="LAPTOP-43HQCE5G" failures="1" tests="3" name="User Requirement 4 Part 2" time="54.848" errors="0" timestamp="14 Feb 2021 08:07:27 GMT">
  <testcase classname="jl.project.EdgeTests.UserRequirement4_2" name="@BeforeMethod navigate" time="12.111">
    <failure type="org.openqa.selenium.WebDriverException" message="chrome not reachable
  (Session info: MicrosoftEdge=88.0.705.68)
Build info: version: &amp;apos;3.13.0&amp;apos;, revision: &amp;apos;2f0d292&amp;apos;, time: &amp;apos;2018-06-25T15:24:21.231Z&amp;apos;
System info: host: &amp;apos;LAPTOP-43HQCE5G&amp;apos;, ip: &amp;apos;192.168.1.15&amp;apos;, os.name: &amp;apos;Windows 10&amp;apos;, os.arch: &amp;apos;amd64&amp;apos;, os.version: &amp;apos;10.0&amp;apos;, java.version: &amp;apos;15&amp;apos;
Driver info: org.openqa.selenium.edge.EdgeDriver
Capabilities {acceptInsecureCerts: false, browserName: msedge, browserVersion: 88.0.705.68, javascriptEnabled: true, ms:edgeOptions: {debuggerAddress: localhost:49455}, msedge: {msedgedriverVersion: 87.0.664.55 (097391c0e48fdc..., userDataDir: C:\Users\jeanl\AppData\Loca...}, networkConnectionEnabled: false, pageLoadStrategy: normal, platform: WINDOWS, platformName: WINDOWS, proxy: Proxy(), setWindowRect: true, strictFileInteractability: false, timeouts: {implicit: 0, pageLoad: 300000, script: 30000}, unhandledPromptBehavior: dismiss and notify, webauthn:virtualAuthenticators: true}
Session ID: 7acd55910f1cb436ece8c5b3c4788ffa">
      <![CDATA[org.openqa.selenium.WebDriverException: chrome not reachable  (Session info: MicrosoftEdge=88.0.705.68)Build info: version: '3.13.0', revision: '2f0d292', time: '2018-06-25T15:24:21.231Z'System info: host: 'LAPTOP-43HQCE5G', ip: '192.168.1.15', os.name: 'Windows 10', os.arch: 'amd64', os.version: '10.0', java.version: '15'Driver info: org.openqa.selenium.edge.EdgeDriverCapabilities {acceptInsecureCerts: false, browserName: msedge, browserVersion: 88.0.705.68, javascriptEnabled: true, ms:edgeOptions: {debuggerAddress: localhost:49455}, msedge: {msedgedriverVersion: 87.0.664.55 (097391c0e48fdc..., userDataDir: C:\Users\jeanl\AppData\Loca...}, networkConnectionEnabled: false, pageLoadStrategy: normal, platform: WINDOWS, platformName: WINDOWS, proxy: Proxy(), setWindowRect: true, strictFileInteractability: false, timeouts: {implicit: 0, pageLoad: 300000, script: 30000}, unhandledPromptBehavior: dismiss and notify, webauthn:virtualAuthenticators: true}Session ID: 7acd55910f1cb436ece8c5b3c4788ffaat org.openqa.selenium.remote.http.W3CHttpResponseCodec.createException(W3CHttpResponseCodec.java:187)at org.openqa.selenium.remote.http.W3CHttpResponseCodec.decode(W3CHttpResponseCodec.java:122)at org.openqa.selenium.remote.http.W3CHttpResponseCodec.decode(W3CHttpResponseCodec.java:49)at org.openqa.selenium.remote.HttpCommandExecutor.execute(HttpCommandExecutor.java:158)at org.openqa.selenium.remote.service.DriverCommandExecutor.execute(DriverCommandExecutor.java:83)at org.openqa.selenium.remote.RemoteWebDriver.execute(RemoteWebDriver.java:548)at org.openqa.selenium.remote.RemoteWebDriver.get(RemoteWebDriver.java:276)at jl.project.EdgeTests.UserRequirement4_2.navigate(UserRequirement4_2.java:50)... Removed 33 stack frames]]>
    </failure>
  </testcase> <!-- @BeforeMethod navigate -->
  <testcase classname="jl.project.EdgeTests.UserRequirement4_2" name="@AfterClass releseResources" time="0.0">
    <skipped/>
  </testcase> <!-- @AfterClass releseResources -->
  <testcase classname="jl.project.EdgeTests.UserRequirement4_2" name="createAndDeleteACategoryWithKeyboardOnly_SpaceKey" time="38.09">
    <failure type="org.openqa.selenium.WebDriverException" message="chrome not reachable
  (Session info: MicrosoftEdge=88.0.705.68)
Build info: version: &amp;apos;3.13.0&amp;apos;, revision: &amp;apos;2f0d292&amp;apos;, time: &amp;apos;2018-06-25T15:24:21.231Z&amp;apos;
System info: host: &amp;apos;LAPTOP-43HQCE5G&amp;apos;, ip: &amp;apos;192.168.1.15&amp;apos;, os.name: &amp;apos;Windows 10&amp;apos;, os.arch: &amp;apos;amd64&amp;apos;, os.version: &amp;apos;10.0&amp;apos;, java.version: &amp;apos;15&amp;apos;
Driver info: org.openqa.selenium.edge.EdgeDriver
Capabilities {acceptInsecureCerts: false, browserName: msedge, browserVersion: 88.0.705.68, javascriptEnabled: true, ms:edgeOptions: {debuggerAddress: localhost:49455}, msedge: {msedgedriverVersion: 87.0.664.55 (097391c0e48fdc..., userDataDir: C:\Users\jeanl\AppData\Loca...}, networkConnectionEnabled: false, pageLoadStrategy: normal, platform: WINDOWS, platformName: WINDOWS, proxy: Proxy(), setWindowRect: true, strictFileInteractability: false, timeouts: {implicit: 0, pageLoad: 300000, script: 30000}, unhandledPromptBehavior: dismiss and notify, webauthn:virtualAuthenticators: true}
Session ID: 7acd55910f1cb436ece8c5b3c4788ffa">
      <![CDATA[org.openqa.selenium.WebDriverException: chrome not reachable  (Session info: MicrosoftEdge=88.0.705.68)Build info: version: '3.13.0', revision: '2f0d292', time: '2018-06-25T15:24:21.231Z'System info: host: 'LAPTOP-43HQCE5G', ip: '192.168.1.15', os.name: 'Windows 10', os.arch: 'amd64', os.version: '10.0', java.version: '15'Driver info: org.openqa.selenium.edge.EdgeDriverCapabilities {acceptInsecureCerts: false, browserName: msedge, browserVersion: 88.0.705.68, javascriptEnabled: true, ms:edgeOptions: {debuggerAddress: localhost:49455}, msedge: {msedgedriverVersion: 87.0.664.55 (097391c0e48fdc..., userDataDir: C:\Users\jeanl\AppData\Loca...}, networkConnectionEnabled: false, pageLoadStrategy: normal, platform: WINDOWS, platformName: WINDOWS, proxy: Proxy(), setWindowRect: true, strictFileInteractability: false, timeouts: {implicit: 0, pageLoad: 300000, script: 30000}, unhandledPromptBehavior: dismiss and notify, webauthn:virtualAuthenticators: true}Session ID: 7acd55910f1cb436ece8c5b3c4788ffaat org.openqa.selenium.remote.http.W3CHttpResponseCodec.createException(W3CHttpResponseCodec.java:187)at org.openqa.selenium.remote.http.W3CHttpResponseCodec.decode(W3CHttpResponseCodec.java:122)at org.openqa.selenium.remote.http.W3CHttpResponseCodec.decode(W3CHttpResponseCodec.java:49)at org.openqa.selenium.remote.HttpCommandExecutor.execute(HttpCommandExecutor.java:158)at org.openqa.selenium.remote.service.DriverCommandExecutor.execute(DriverCommandExecutor.java:83)at org.openqa.selenium.remote.RemoteWebDriver.execute(RemoteWebDriver.java:548)at org.openqa.selenium.remote.RemoteWebDriver.get(RemoteWebDriver.java:276)at jl.project.EdgeTests.UserRequirement4_2.createAndDeleteACategoryWithKeyboardOnly_SpaceKey(UserRequirement4_2.java:140)... Removed 30 stack frames]]>
    </failure>
  </testcase> <!-- createAndDeleteACategoryWithKeyboardOnly_SpaceKey -->
  <testcase classname="jl.project.EdgeTests.UserRequirement4_2" name="createAndDeleteItemWithKeyboardOnly_SpaceKey" time="0.0">
    <skipped/>
  </testcase> <!-- createAndDeleteItemWithKeyboardOnly_SpaceKey -->
  <testcase classname="jl.project.EdgeTests.UserRequirement4_2" name="HideAndDisplayItemsWithKeyboardOnly_SpaceKey" time="0.0">
    <skipped/>
  </testcase> <!-- HideAndDisplayItemsWithKeyboardOnly_SpaceKey -->
</testsuite> <!-- User Requirement 4 Part 2 -->
