<?xml version="1.0" encoding="UTF-8"?>
<!-- Generated by org.testng.reporters.JUnitXMLReporter -->
<testsuite ignored="0" hostname="DESKTOP-CL5VKH3" failures="0" tests="3" name="User Requirement 4 Part 2" time="121.22" errors="0" timestamp="18 Apr 2021 15:50:30 GMT">
  <testcase classname="jl.project._edgetests.UserRequirement4_2_Test" name="createAndDeleteACategoryWithKeyboardOnly_SpaceKey" time="26.638"/>
  <testcase classname="jl.project._edgetests.UserRequirement4_2_Test" name="createAndDeleteItemWithKeyboardOnly_SpaceKey" time="30.492"/>
  <testcase classname="jl.project._edgetests.UserRequirement4_2_Test" name="HideAndDisplayItemsWithKeyboardOnly_SpaceKey" time="56.918"/>
</testsuite> <!-- User Requirement 4 Part 2 -->
