<?xml version="1.0" encoding="UTF-8"?>
<!-- Generated by org.testng.reporters.JUnitXMLReporter -->
<testsuite ignored="0" hostname="mm.home" failures="1" tests="1" name="User Requirement 3" time="7.135" errors="0" timestamp="12 Mar 2021 17:49:43 GMT">
  <testcase classname="jl.project.EdgeTests.UserRequirement3_Test" name="hideAndDisplayItem" time="5.72">
    <failure type="java.lang.AssertionError" message="The label was found on the screenshot when the item should have been hidden: A Simple Accessible To-Do List
To-Do List Credits Works you might like
Please use this form to add a new category.
Name of the category to add: [GED
The next form is for adding a new item.
Name of the item to add: [GED
B © | Selenium test catego
B © Uncategorized
B test

Cradite:
">
      <![CDATA[java.lang.AssertionError: The label was found on the screenshot when the item should have been hidden: A Simple Accessible To-Do ListTo-Do List Credits Works you might likePlease use this form to add a new category.Name of the category to add: [GEDThe next form is for adding a new item.Name of the item to add: [GEDB © | Selenium test categoB © UncategorizedB testCradite:at jl.project.EdgeTests.UserRequirement3_Test.hideAndDisplayItem(UserRequirement3_Test.java:126)... Removed 26 stack frames]]>
    </failure>
  </testcase> <!-- hideAndDisplayItem -->
</testsuite> <!-- User Requirement 3 -->
