<?xml version="1.0" encoding="UTF-8"?>
<!-- Generated by org.testng.reporters.JUnitXMLReporter -->
<testsuite ignored="0" hostname="mm.home" failures="0" tests="2" name="User Requirement 1" time="3.727" errors="0" timestamp="02 Apr 2021 13:58:18 GMT">
  <testcase classname="jl.project.EdgeTests.UserRequirement1_Test" name="createCategory" time="0.545"/>
  <testcase classname="jl.project.EdgeTests.UserRequirement1_Test" name="deleteCategory" time="0.318"/>
</testsuite> <!-- User Requirement 1 -->
