<?xml version="1.0" encoding="UTF-8"?>
<!-- Generated by org.testng.reporters.JUnitXMLReporter -->
<testsuite ignored="0" hostname="DESKTOP-CL5VKH3" failures="0" tests="2" name="User Requirement 2" time="13.584" errors="0" timestamp="01 Mar 2021 03:23:08 GMT">
  <testcase classname="jl.project.EdgeTests.UserRequirement2_Test" name="createItem" time="0.475"/>
  <testcase classname="jl.project.EdgeTests.UserRequirement2_Test" name="deleteItem" time="0.219"/>
</testsuite> <!-- User Requirement 2 -->
