<?xml version="1.0" encoding="UTF-8"?>
<!-- Generated by org.testng.reporters.JUnitXMLReporter -->
<testsuite ignored="0" hostname="mm.home" failures="0" tests="3" name="User Requirement 4 Part 1" time="78.84" errors="0" timestamp="02 Apr 2021 13:59:50 GMT">
  <testcase classname="jl.project.EdgeTests.UserRequirement4_1_Test" name="createAndDeleteACategoryWithKeyboardOnly_EnterKey" time="19.997"/>
  <testcase classname="jl.project.EdgeTests.UserRequirement4_1_Test" name="createAndDeleteItemWithKeyboardOnly_EnterKey" time="17.388"/>
  <testcase classname="jl.project.EdgeTests.UserRequirement4_1_Test" name="HideAndDisplayItemsWithKeyboardOnly_EnterKey" time="38.715"/>
</testsuite> <!-- User Requirement 4 Part 1 -->
