<?xml version="1.0" encoding="UTF-8"?>
<!-- Generated by org.testng.reporters.JUnitXMLReporter -->
<testsuite ignored="0" hostname="DESKTOP-CL5VKH3" failures="0" tests="2" name="User Requirement 1" time="11.615" errors="0" timestamp="04 Apr 2021 13:42:13 GMT">
  <testcase classname="jl.project.ChromeTests.UserRequirement1_Test" name="createCategory" time="3.966"/>
  <testcase classname="jl.project.ChromeTests.UserRequirement1_Test" name="deleteCategory" time="0.477"/>
</testsuite> <!-- User Requirement 1 -->
