<?xml version="1.0" encoding="UTF-8"?>
<!-- Generated by org.testng.reporters.JUnitXMLReporter -->
<testsuite ignored="0" hostname="jl-Ubuntu" failures="0" tests="3" name="User Requirement 4 Part 2" time="89.968" errors="0" timestamp="04 Apr 2021 09:07:25 GMT">
  <testcase classname="jl.project.ChromeTests.UserRequirement4_2_Test" name="createAndDeleteACategoryWithKeyboardOnly_SpaceKey" time="20.753"/>
  <testcase classname="jl.project.ChromeTests.UserRequirement4_2_Test" name="createAndDeleteItemWithKeyboardOnly_SpaceKey" time="17.88"/>
  <testcase classname="jl.project.ChromeTests.UserRequirement4_2_Test" name="HideAndDisplayItemsWithKeyboardOnly_SpaceKey" time="48.835"/>
</testsuite> <!-- User Requirement 4 Part 2 -->
