<?xml version="1.0" encoding="UTF-8"?>
<!-- Generated by org.testng.reporters.JUnitXMLReporter -->
<testsuite ignored="0" hostname="DESKTOP-CL5VKH3" failures="0" tests="2" name="User Requirement 2" time="28.914" errors="0" timestamp="19 Apr 2021 09:58:37 GMT">
  <testcase classname="jl.project._chrometests.UserRequirement2_Test" name="createItem" time="9.105"/>
  <testcase classname="jl.project._chrometests.UserRequirement2_Test" name="deleteItem" time="11.573"/>
</testsuite> <!-- User Requirement 2 -->
