<?xml version="1.0" encoding="UTF-8"?>
<!-- Generated by org.testng.reporters.JUnitXMLReporter -->
<testsuite ignored="0" hostname="jl-Ubuntu" failures="0" tests="2" name="User Requirement 1" time="34.452" errors="0" timestamp="06 Apr 2021 00:30:56 GMT">
  <testcase classname="jl.project.ChromeTests.UserRequirement1_Test" name="createCategory" time="6.539"/>
  <testcase classname="jl.project.ChromeTests.UserRequirement1_Test" name="deleteCategory" time="13.881"/>
</testsuite> <!-- User Requirement 1 -->
