<?xml version="1.0" encoding="UTF-8"?>
<!-- Generated by org.testng.reporters.JUnitXMLReporter -->
<testsuite ignored="0" hostname="DESKTOP-CL5VKH3" failures="0" tests="3" name="User Requirement 4 Part 1" time="121.841" errors="0" timestamp="14 Apr 2021 12:53:29 GMT">
  <testcase classname="jl.project.chrometests.UserRequirement4_1_Test" name="createAndDeleteACategoryWithKeyboardOnly_EnterKey" time="26.626"/>
  <testcase classname="jl.project.chrometests.UserRequirement4_1_Test" name="createAndDeleteItemWithKeyboardOnly_EnterKey" time="32.803"/>
  <testcase classname="jl.project.chrometests.UserRequirement4_1_Test" name="HideAndDisplayItemsWithKeyboardOnly_EnterKey" time="57.622"/>
</testsuite> <!-- User Requirement 4 Part 1 -->
