<?xml version="1.0" encoding="UTF-8"?>
<testng-results ignored="0" total="22" passed="22" failed="0" skipped="0">
  <reporter-output>
  </reporter-output>
  <suite started-at="2021-04-05T17:00:33Z" name="Test Suite Edge" finished-at="2021-04-05T17:05:50Z" duration-ms="316851">
    <groups>
      <group name="creation_deletion_edge_1">
        <method signature="UserRequirement4_1_Test.createAndDeleteACategoryWithKeyboardOnly_EnterKey()[pri:0, instance:jl.project.EdgeTests.UserRequirement4_1_Test@46fa7c39]" name="createAndDeleteACategoryWithKeyboardOnly_EnterKey" class="jl.project.EdgeTests.UserRequirement4_1_Test"/>
        <method signature="UserRequirement4_1_Test.createAndDeleteItemWithKeyboardOnly_EnterKey()[pri:0, instance:jl.project.EdgeTests.UserRequirement4_1_Test@46fa7c39]" name="createAndDeleteItemWithKeyboardOnly_EnterKey" class="jl.project.EdgeTests.UserRequirement4_1_Test"/>
      </group> <!-- creation_deletion_edge_1 -->
      <group name="creation_deletion_edge_2">
        <method signature="UserRequirement4_2_Test.createAndDeleteACategoryWithKeyboardOnly_SpaceKey()[pri:0, instance:jl.project.EdgeTests.UserRequirement4_2_Test@2cdd0d4b]" name="createAndDeleteACategoryWithKeyboardOnly_SpaceKey" class="jl.project.EdgeTests.UserRequirement4_2_Test"/>
        <method signature="UserRequirement4_2_Test.createAndDeleteItemWithKeyboardOnly_SpaceKey()[pri:0, instance:jl.project.EdgeTests.UserRequirement4_2_Test@2cdd0d4b]" name="createAndDeleteItemWithKeyboardOnly_SpaceKey" class="jl.project.EdgeTests.UserRequirement4_2_Test"/>
      </group> <!-- creation_deletion_edge_2 -->
    </groups>
    <test started-at="2021-04-05T17:00:33Z" name="User Requirement 1" finished-at="2021-04-05T17:00:56Z" duration-ms="22492">
      <class name="jl.project.EdgeTests.UserRequirement1_Test">
        <test-method is-config="true" signature="setup()[pri:0, instance:jl.project.EdgeTests.UserRequirement1_Test@28975c28]" started-at="2021-04-05T12:00:33Z" name="setup" finished-at="2021-04-05T12:00:35Z" duration-ms="1836" status="PASS">
          <reporter-output>
          </reporter-output>
        </test-method> <!-- setup -->
        <test-method is-config="true" signature="navigate()[pri:0, instance:jl.project.EdgeTests.UserRequirement1_Test@28975c28]" started-at="2021-04-05T12:00:35Z" name="navigate" finished-at="2021-04-05T12:00:38Z" duration-ms="2495" status="PASS">
          <reporter-output>
          </reporter-output>
        </test-method> <!-- navigate -->
        <test-method signature="createCategory()[pri:0, instance:jl.project.EdgeTests.UserRequirement1_Test@28975c28]" started-at="2021-04-05T12:00:38Z" name="createCategory" finished-at="2021-04-05T12:00:44Z" duration-ms="6461" status="PASS">
          <reporter-output>
          </reporter-output>
        </test-method> <!-- createCategory -->
        <test-method is-config="true" signature="navigate()[pri:0, instance:jl.project.EdgeTests.UserRequirement1_Test@28975c28]" started-at="2021-04-05T12:00:44Z" name="navigate" finished-at="2021-04-05T12:00:44Z" duration-ms="155" status="PASS">
          <reporter-output>
          </reporter-output>
        </test-method> <!-- navigate -->
        <test-method signature="deleteCategory()[pri:0, instance:jl.project.EdgeTests.UserRequirement1_Test@28975c28]" started-at="2021-04-05T12:00:44Z" name="deleteCategory" finished-at="2021-04-05T12:00:55Z" duration-ms="10776" status="PASS">
          <reporter-output>
          </reporter-output>
        </test-method> <!-- deleteCategory -->
        <test-method is-config="true" signature="releaseResources()[pri:0, instance:jl.project.EdgeTests.UserRequirement1_Test@28975c28]" started-at="2021-04-05T12:00:55Z" name="releaseResources" finished-at="2021-04-05T12:00:56Z" duration-ms="768" status="PASS">
          <reporter-output>
          </reporter-output>
        </test-method> <!-- releaseResources -->
      </class> <!-- jl.project.EdgeTests.UserRequirement1_Test -->
    </test> <!-- User Requirement 1 -->
    <test started-at="2021-04-05T17:00:56Z" name="User Requirement 2" finished-at="2021-04-05T17:01:16Z" duration-ms="20025">
      <class name="jl.project.EdgeTests.UserRequirement2_Test">
        <test-method is-config="true" signature="setup()[pri:0, instance:jl.project.EdgeTests.UserRequirement2_Test@dd0c991]" started-at="2021-04-05T12:00:56Z" name="setup" finished-at="2021-04-05T12:00:57Z" duration-ms="1789" status="PASS">
          <reporter-output>
          </reporter-output>
        </test-method> <!-- setup -->
        <test-method is-config="true" signature="navigate()[pri:0, instance:jl.project.EdgeTests.UserRequirement2_Test@dd0c991]" started-at="2021-04-05T12:00:57Z" name="navigate" finished-at="2021-04-05T12:01:00Z" duration-ms="2495" status="PASS">
          <reporter-output>
          </reporter-output>
        </test-method> <!-- navigate -->
        <test-method signature="createItem()[pri:0, instance:jl.project.EdgeTests.UserRequirement2_Test@dd0c991]" started-at="2021-04-05T12:01:00Z" name="createItem" finished-at="2021-04-05T12:01:06Z" duration-ms="6474" status="PASS">
          <reporter-output>
          </reporter-output>
        </test-method> <!-- createItem -->
        <test-method is-config="true" signature="navigate()[pri:0, instance:jl.project.EdgeTests.UserRequirement2_Test@dd0c991]" started-at="2021-04-05T12:01:06Z" name="navigate" finished-at="2021-04-05T12:01:07Z" duration-ms="146" status="PASS">
          <reporter-output>
          </reporter-output>
        </test-method> <!-- navigate -->
        <test-method signature="deleteItem()[pri:0, instance:jl.project.EdgeTests.UserRequirement2_Test@dd0c991]" started-at="2021-04-05T12:01:07Z" name="deleteItem" finished-at="2021-04-05T12:01:15Z" duration-ms="8415" status="PASS">
          <reporter-output>
          </reporter-output>
        </test-method> <!-- deleteItem -->
        <test-method is-config="true" signature="releaseResources()[pri:0, instance:jl.project.EdgeTests.UserRequirement2_Test@dd0c991]" started-at="2021-04-05T12:01:15Z" name="releaseResources" finished-at="2021-04-05T12:01:16Z" duration-ms="704" status="PASS">
          <reporter-output>
          </reporter-output>
        </test-method> <!-- releaseResources -->
      </class> <!-- jl.project.EdgeTests.UserRequirement2_Test -->
    </test> <!-- User Requirement 2 -->
    <test started-at="2021-04-05T17:01:16Z" name="User Requirement 3" finished-at="2021-04-05T17:01:51Z" duration-ms="35357">
      <class name="jl.project.EdgeTests.UserRequirement3_Test">
        <test-method is-config="true" signature="setup()[pri:0, instance:jl.project.EdgeTests.UserRequirement3_Test@55f616cf]" started-at="2021-04-05T12:01:16Z" name="setup" finished-at="2021-04-05T12:01:17Z" duration-ms="1782" status="PASS">
          <reporter-output>
          </reporter-output>
        </test-method> <!-- setup -->
        <test-method signature="hideAndDisplayItem()[pri:0, instance:jl.project.EdgeTests.UserRequirement3_Test@55f616cf]" started-at="2021-04-05T12:01:17Z" name="hideAndDisplayItem" finished-at="2021-04-05T12:01:51Z" duration-ms="33574" status="PASS">
          <reporter-output>
          </reporter-output>
        </test-method> <!-- hideAndDisplayItem -->
      </class> <!-- jl.project.EdgeTests.UserRequirement3_Test -->
    </test> <!-- User Requirement 3 -->
    <test started-at="2021-04-05T17:01:51Z" name="User Requirement 4 Part 1" finished-at="2021-04-05T17:03:35Z" duration-ms="103549">
      <class name="jl.project.EdgeTests.UserRequirement4_1_Test">
        <test-method is-config="true" signature="setup()[pri:0, instance:jl.project.EdgeTests.UserRequirement4_1_Test@46fa7c39]" started-at="2021-04-05T12:01:51Z" name="setup" finished-at="2021-04-05T12:01:53Z" duration-ms="1674" status="PASS">
          <reporter-output>
          </reporter-output>
        </test-method> <!-- setup -->
        <test-method is-config="true" signature="navigate()[pri:0, instance:jl.project.EdgeTests.UserRequirement4_1_Test@46fa7c39]" started-at="2021-04-05T12:01:53Z" name="navigate" finished-at="2021-04-05T12:01:56Z" duration-ms="3246" status="PASS">
          <reporter-output>
          </reporter-output>
        </test-method> <!-- navigate -->
        <test-method signature="createAndDeleteACategoryWithKeyboardOnly_EnterKey()[pri:0, instance:jl.project.EdgeTests.UserRequirement4_1_Test@46fa7c39]" started-at="2021-04-05T12:01:56Z" name="createAndDeleteACategoryWithKeyboardOnly_EnterKey" finished-at="2021-04-05T12:02:22Z" duration-ms="25563" status="PASS">
          <reporter-output>
          </reporter-output>
        </test-method> <!-- createAndDeleteACategoryWithKeyboardOnly_EnterKey -->
        <test-method is-config="true" signature="navigate()[pri:0, instance:jl.project.EdgeTests.UserRequirement4_1_Test@46fa7c39]" started-at="2021-04-05T12:02:22Z" name="navigate" finished-at="2021-04-05T12:02:22Z" duration-ms="145" status="PASS">
          <reporter-output>
          </reporter-output>
        </test-method> <!-- navigate -->
        <test-method signature="createAndDeleteItemWithKeyboardOnly_EnterKey()[pri:0, instance:jl.project.EdgeTests.UserRequirement4_1_Test@46fa7c39]" started-at="2021-04-05T12:02:22Z" name="createAndDeleteItemWithKeyboardOnly_EnterKey" finished-at="2021-04-05T12:02:40Z" duration-ms="17989" status="PASS">
          <reporter-output>
          </reporter-output>
        </test-method> <!-- createAndDeleteItemWithKeyboardOnly_EnterKey -->
        <test-method is-config="true" signature="navigate()[pri:0, instance:jl.project.EdgeTests.UserRequirement4_1_Test@46fa7c39]" started-at="2021-04-05T12:02:40Z" name="navigate" finished-at="2021-04-05T12:02:40Z" duration-ms="124" status="PASS">
          <reporter-output>
          </reporter-output>
        </test-method> <!-- navigate -->
        <test-method signature="HideAndDisplayItemsWithKeyboardOnly_EnterKey()[pri:0, instance:jl.project.EdgeTests.UserRequirement4_1_Test@46fa7c39]" started-at="2021-04-05T12:02:40Z" name="HideAndDisplayItemsWithKeyboardOnly_EnterKey" depends-on-groups="creation_deletion_edge_1" finished-at="2021-04-05T12:03:34Z" duration-ms="54023" status="PASS">
          <reporter-output>
          </reporter-output>
        </test-method> <!-- HideAndDisplayItemsWithKeyboardOnly_EnterKey -->
        <test-method is-config="true" signature="releseResources()[pri:0, instance:jl.project.EdgeTests.UserRequirement4_1_Test@46fa7c39]" started-at="2021-04-05T12:03:34Z" name="releseResources" finished-at="2021-04-05T12:03:35Z" duration-ms="784" status="PASS">
          <reporter-output>
          </reporter-output>
        </test-method> <!-- releseResources -->
      </class> <!-- jl.project.EdgeTests.UserRequirement4_1_Test -->
    </test> <!-- User Requirement 4 Part 1 -->
    <test started-at="2021-04-05T17:03:35Z" name="User Requirement 4 Part 2" finished-at="2021-04-05T17:05:50Z" duration-ms="135385">
      <class name="jl.project.EdgeTests.UserRequirement4_2_Test">
        <test-method is-config="true" signature="setup()[pri:0, instance:jl.project.EdgeTests.UserRequirement4_2_Test@2cdd0d4b]" started-at="2021-04-05T12:03:35Z" name="setup" finished-at="2021-04-05T12:03:36Z" duration-ms="1678" status="PASS">
          <reporter-output>
          </reporter-output>
        </test-method> <!-- setup -->
        <test-method is-config="true" signature="navigate()[pri:0, instance:jl.project.EdgeTests.UserRequirement4_2_Test@2cdd0d4b]" started-at="2021-04-05T12:03:36Z" name="navigate" finished-at="2021-04-05T12:03:39Z" duration-ms="2748" status="PASS">
          <reporter-output>
          </reporter-output>
        </test-method> <!-- navigate -->
        <test-method signature="createAndDeleteACategoryWithKeyboardOnly_SpaceKey()[pri:0, instance:jl.project.EdgeTests.UserRequirement4_2_Test@2cdd0d4b]" started-at="2021-04-05T12:03:39Z" name="createAndDeleteACategoryWithKeyboardOnly_SpaceKey" finished-at="2021-04-05T12:04:08Z" duration-ms="28676" status="PASS">
          <reporter-output>
          </reporter-output>
        </test-method> <!-- createAndDeleteACategoryWithKeyboardOnly_SpaceKey -->
        <test-method is-config="true" signature="navigate()[pri:0, instance:jl.project.EdgeTests.UserRequirement4_2_Test@2cdd0d4b]" started-at="2021-04-05T12:04:08Z" name="navigate" finished-at="2021-04-05T12:04:08Z" duration-ms="136" status="PASS">
          <reporter-output>
          </reporter-output>
        </test-method> <!-- navigate -->
        <test-method signature="createAndDeleteItemWithKeyboardOnly_SpaceKey()[pri:0, instance:jl.project.EdgeTests.UserRequirement4_2_Test@2cdd0d4b]" started-at="2021-04-05T12:04:08Z" name="createAndDeleteItemWithKeyboardOnly_SpaceKey" finished-at="2021-04-05T12:04:26Z" duration-ms="18076" status="PASS">
          <reporter-output>
          </reporter-output>
        </test-method> <!-- createAndDeleteItemWithKeyboardOnly_SpaceKey -->
        <test-method is-config="true" signature="navigate()[pri:0, instance:jl.project.EdgeTests.UserRequirement4_2_Test@2cdd0d4b]" started-at="2021-04-05T12:04:26Z" name="navigate" finished-at="2021-04-05T12:04:26Z" duration-ms="99" status="PASS">
          <reporter-output>
          </reporter-output>
        </test-method> <!-- navigate -->
        <test-method signature="HideAndDisplayItemsWithKeyboardOnly_SpaceKey()[pri:0, instance:jl.project.EdgeTests.UserRequirement4_2_Test@2cdd0d4b]" started-at="2021-04-05T12:04:26Z" name="HideAndDisplayItemsWithKeyboardOnly_SpaceKey" depends-on-groups="creation_deletion_edge_2" finished-at="2021-04-05T12:05:49Z" duration-ms="83161" status="PASS">
          <reporter-output>
          </reporter-output>
        </test-method> <!-- HideAndDisplayItemsWithKeyboardOnly_SpaceKey -->
        <test-method is-config="true" signature="releseResources()[pri:0, instance:jl.project.EdgeTests.UserRequirement4_2_Test@2cdd0d4b]" started-at="2021-04-05T12:05:49Z" name="releseResources" finished-at="2021-04-05T12:05:50Z" duration-ms="810" status="PASS">
          <reporter-output>
          </reporter-output>
        </test-method> <!-- releseResources -->
      </class> <!-- jl.project.EdgeTests.UserRequirement4_2_Test -->
    </test> <!-- User Requirement 4 Part 2 -->
  </suite> <!-- Test Suite Edge -->
  <suite started-at="2021-04-05T16:55:24Z" name="Test Suite Chrome" finished-at="2021-04-05T17:00:33Z" duration-ms="309578">
    <groups>
      <group name="creation_deletion_Chrome_1">
        <method signature="UserRequirement4_1_Test.createAndDeleteACategoryWithKeyboardOnly_EnterKey()[pri:0, instance:jl.project.ChromeTests.UserRequirement4_1_Test@7748410a]" name="createAndDeleteACategoryWithKeyboardOnly_EnterKey" class="jl.project.ChromeTests.UserRequirement4_1_Test"/>
        <method signature="UserRequirement4_1_Test.createAndDeleteItemWithKeyboardOnly_EnterKey()[pri:0, instance:jl.project.ChromeTests.UserRequirement4_1_Test@7748410a]" name="createAndDeleteItemWithKeyboardOnly_EnterKey" class="jl.project.ChromeTests.UserRequirement4_1_Test"/>
      </group> <!-- creation_deletion_Chrome_1 -->
      <group name="creation_deletion_Chrome_2">
        <method signature="UserRequirement4_2_Test.createAndDeleteACategoryWithKeyboardOnly_SpaceKey()[pri:0, instance:jl.project.ChromeTests.UserRequirement4_2_Test@5ab9e72c]" name="createAndDeleteACategoryWithKeyboardOnly_SpaceKey" class="jl.project.ChromeTests.UserRequirement4_2_Test"/>
        <method signature="UserRequirement4_2_Test.createAndDeleteItemWithKeyboardOnly_SpaceKey()[pri:0, instance:jl.project.ChromeTests.UserRequirement4_2_Test@5ab9e72c]" name="createAndDeleteItemWithKeyboardOnly_SpaceKey" class="jl.project.ChromeTests.UserRequirement4_2_Test"/>
      </group> <!-- creation_deletion_Chrome_2 -->
    </groups>
    <test started-at="2021-04-05T16:55:24Z" name="User Requirement 1" finished-at="2021-04-05T16:55:48Z" duration-ms="24910">
      <class name="jl.project.ChromeTests.UserRequirement1_Test">
        <test-method is-config="true" signature="setup()[pri:0, instance:jl.project.ChromeTests.UserRequirement1_Test@8c3b9d]" started-at="2021-04-05T11:55:24Z" name="setup" finished-at="2021-04-05T11:55:26Z" duration-ms="2180" status="PASS">
          <reporter-output>
          </reporter-output>
        </test-method> <!-- setup -->
        <test-method is-config="true" signature="navigate()[pri:0, instance:jl.project.ChromeTests.UserRequirement1_Test@8c3b9d]" started-at="2021-04-05T11:55:26Z" name="navigate" finished-at="2021-04-05T11:55:28Z" duration-ms="1929" status="PASS">
          <reporter-output>
          </reporter-output>
        </test-method> <!-- navigate -->
        <test-method signature="createCategory()[pri:0, instance:jl.project.ChromeTests.UserRequirement1_Test@8c3b9d]" started-at="2021-04-05T11:55:28Z" name="createCategory" finished-at="2021-04-05T11:55:34Z" duration-ms="6408" status="PASS">
          <reporter-output>
          </reporter-output>
        </test-method> <!-- createCategory -->
        <test-method is-config="true" signature="navigate()[pri:0, instance:jl.project.ChromeTests.UserRequirement1_Test@8c3b9d]" started-at="2021-04-05T11:55:34Z" name="navigate" finished-at="2021-04-05T11:55:34Z" duration-ms="188" status="PASS">
          <reporter-output>
          </reporter-output>
        </test-method> <!-- navigate -->
        <test-method signature="deleteCategory()[pri:0, instance:jl.project.ChromeTests.UserRequirement1_Test@8c3b9d]" started-at="2021-04-05T11:55:34Z" name="deleteCategory" finished-at="2021-04-05T11:55:48Z" duration-ms="13547" status="PASS">
          <reporter-output>
          </reporter-output>
        </test-method> <!-- deleteCategory -->
        <test-method is-config="true" signature="releaseResources()[pri:0, instance:jl.project.ChromeTests.UserRequirement1_Test@8c3b9d]" started-at="2021-04-05T11:55:48Z" name="releaseResources" finished-at="2021-04-05T11:55:48Z" duration-ms="638" status="PASS">
          <reporter-output>
          </reporter-output>
        </test-method> <!-- releaseResources -->
      </class> <!-- jl.project.ChromeTests.UserRequirement1_Test -->
    </test> <!-- User Requirement 1 -->
    <test started-at="2021-04-05T16:55:49Z" name="User Requirement 2" finished-at="2021-04-05T16:56:08Z" duration-ms="19831">
      <class name="jl.project.ChromeTests.UserRequirement2_Test">
        <test-method is-config="true" signature="setup()[pri:0, instance:jl.project.ChromeTests.UserRequirement2_Test@7b02881e]" started-at="2021-04-05T11:55:49Z" name="setup" finished-at="2021-04-05T11:55:50Z" duration-ms="1631" status="PASS">
          <reporter-output>
          </reporter-output>
        </test-method> <!-- setup -->
        <test-method is-config="true" signature="navigate()[pri:0, instance:jl.project.ChromeTests.UserRequirement2_Test@7b02881e]" started-at="2021-04-05T11:55:50Z" name="navigate" finished-at="2021-04-05T11:55:52Z" duration-ms="2179" status="PASS">
          <reporter-output>
          </reporter-output>
        </test-method> <!-- navigate -->
        <test-method signature="createItem()[pri:0, instance:jl.project.ChromeTests.UserRequirement2_Test@7b02881e]" started-at="2021-04-05T11:55:52Z" name="createItem" finished-at="2021-04-05T11:55:59Z" duration-ms="6576" status="PASS">
          <reporter-output>
          </reporter-output>
        </test-method> <!-- createItem -->
        <test-method is-config="true" signature="navigate()[pri:0, instance:jl.project.ChromeTests.UserRequirement2_Test@7b02881e]" started-at="2021-04-05T11:55:59Z" name="navigate" finished-at="2021-04-05T11:55:59Z" duration-ms="295" status="PASS">
          <reporter-output>
          </reporter-output>
        </test-method> <!-- navigate -->
        <test-method signature="deleteItem()[pri:0, instance:jl.project.ChromeTests.UserRequirement2_Test@7b02881e]" started-at="2021-04-05T11:55:59Z" name="deleteItem" finished-at="2021-04-05T11:56:08Z" duration-ms="8463" status="PASS">
          <reporter-output>
          </reporter-output>
        </test-method> <!-- deleteItem -->
        <test-method is-config="true" signature="releaseResources()[pri:0, instance:jl.project.ChromeTests.UserRequirement2_Test@7b02881e]" started-at="2021-04-05T11:56:08Z" name="releaseResources" finished-at="2021-04-05T11:56:08Z" duration-ms="684" status="PASS">
          <reporter-output>
          </reporter-output>
        </test-method> <!-- releaseResources -->
      </class> <!-- jl.project.ChromeTests.UserRequirement2_Test -->
    </test> <!-- User Requirement 2 -->
    <test started-at="2021-04-05T16:56:08Z" name="User Requirement 3" finished-at="2021-04-05T16:56:39Z" duration-ms="30571">
      <class name="jl.project.ChromeTests.UserRequirement3_Test">
        <test-method is-config="true" signature="setup()[pri:0, instance:jl.project.ChromeTests.UserRequirement3_Test@313b2ea6]" started-at="2021-04-05T11:56:08Z" name="setup" finished-at="2021-04-05T11:56:10Z" duration-ms="1679" status="PASS">
          <reporter-output>
          </reporter-output>
        </test-method> <!-- setup -->
        <test-method signature="hideAndDisplayItem()[pri:0, instance:jl.project.ChromeTests.UserRequirement3_Test@313b2ea6]" started-at="2021-04-05T11:56:10Z" name="hideAndDisplayItem" finished-at="2021-04-05T11:56:39Z" duration-ms="28890" status="PASS">
          <reporter-output>
          </reporter-output>
        </test-method> <!-- hideAndDisplayItem -->
      </class> <!-- jl.project.ChromeTests.UserRequirement3_Test -->
    </test> <!-- User Requirement 3 -->
    <test started-at="2021-04-05T16:56:39Z" name="User Requirement 4 Part 1" finished-at="2021-04-05T16:58:20Z" duration-ms="101018">
      <class name="jl.project.ChromeTests.UserRequirement4_1_Test">
        <test-method is-config="true" signature="setup()[pri:0, instance:jl.project.ChromeTests.UserRequirement4_1_Test@7748410a]" started-at="2021-04-05T11:56:39Z" name="setup" finished-at="2021-04-05T11:56:41Z" duration-ms="1640" status="PASS">
          <reporter-output>
          </reporter-output>
        </test-method> <!-- setup -->
        <test-method is-config="true" signature="navigate()[pri:0, instance:jl.project.ChromeTests.UserRequirement4_1_Test@7748410a]" started-at="2021-04-05T11:56:41Z" name="navigate" finished-at="2021-04-05T11:56:43Z" duration-ms="2182" status="PASS">
          <reporter-output>
          </reporter-output>
        </test-method> <!-- navigate -->
        <test-method signature="createAndDeleteACategoryWithKeyboardOnly_EnterKey()[pri:0, instance:jl.project.ChromeTests.UserRequirement4_1_Test@7748410a]" started-at="2021-04-05T11:56:43Z" name="createAndDeleteACategoryWithKeyboardOnly_EnterKey" finished-at="2021-04-05T11:57:06Z" duration-ms="23611" status="PASS">
          <reporter-output>
          </reporter-output>
        </test-method> <!-- createAndDeleteACategoryWithKeyboardOnly_EnterKey -->
        <test-method is-config="true" signature="navigate()[pri:0, instance:jl.project.ChromeTests.UserRequirement4_1_Test@7748410a]" started-at="2021-04-05T11:57:06Z" name="navigate" finished-at="2021-04-05T11:57:07Z" duration-ms="132" status="PASS">
          <reporter-output>
          </reporter-output>
        </test-method> <!-- navigate -->
        <test-method signature="createAndDeleteItemWithKeyboardOnly_EnterKey()[pri:0, instance:jl.project.ChromeTests.UserRequirement4_1_Test@7748410a]" started-at="2021-04-05T11:57:07Z" name="createAndDeleteItemWithKeyboardOnly_EnterKey" finished-at="2021-04-05T11:57:25Z" duration-ms="18033" status="PASS">
          <reporter-output>
          </reporter-output>
        </test-method> <!-- createAndDeleteItemWithKeyboardOnly_EnterKey -->
        <test-method is-config="true" signature="navigate()[pri:0, instance:jl.project.ChromeTests.UserRequirement4_1_Test@7748410a]" started-at="2021-04-05T11:57:25Z" name="navigate" finished-at="2021-04-05T11:57:25Z" duration-ms="114" status="PASS">
          <reporter-output>
          </reporter-output>
        </test-method> <!-- navigate -->
        <test-method signature="HideAndDisplayItemsWithKeyboardOnly_EnterKey()[pri:0, instance:jl.project.ChromeTests.UserRequirement4_1_Test@7748410a]" started-at="2021-04-05T11:57:25Z" name="HideAndDisplayItemsWithKeyboardOnly_EnterKey" depends-on-groups="creation_deletion_Chrome_1" finished-at="2021-04-05T11:58:19Z" duration-ms="54595" status="PASS">
          <reporter-output>
          </reporter-output>
        </test-method> <!-- HideAndDisplayItemsWithKeyboardOnly_EnterKey -->
        <test-method is-config="true" signature="releseResources()[pri:0, instance:jl.project.ChromeTests.UserRequirement4_1_Test@7748410a]" started-at="2021-04-05T11:58:19Z" name="releseResources" finished-at="2021-04-05T11:58:20Z" duration-ms="706" status="PASS">
          <reporter-output>
          </reporter-output>
        </test-method> <!-- releseResources -->
      </class> <!-- jl.project.ChromeTests.UserRequirement4_1_Test -->
    </test> <!-- User Requirement 4 Part 1 -->
    <test started-at="2021-04-05T16:58:20Z" name="User Requirement 4 Part 2" finished-at="2021-04-05T17:00:33Z" duration-ms="133167">
      <class name="jl.project.ChromeTests.UserRequirement4_2_Test">
        <test-method is-config="true" signature="setup()[pri:0, instance:jl.project.ChromeTests.UserRequirement4_2_Test@5ab9e72c]" started-at="2021-04-05T11:58:20Z" name="setup" finished-at="2021-04-05T11:58:22Z" duration-ms="1686" status="PASS">
          <reporter-output>
          </reporter-output>
        </test-method> <!-- setup -->
        <test-method is-config="true" signature="navigate()[pri:0, instance:jl.project.ChromeTests.UserRequirement4_2_Test@5ab9e72c]" started-at="2021-04-05T11:58:22Z" name="navigate" finished-at="2021-04-05T11:58:24Z" duration-ms="2200" status="PASS">
          <reporter-output>
          </reporter-output>
        </test-method> <!-- navigate -->
        <test-method signature="createAndDeleteACategoryWithKeyboardOnly_SpaceKey()[pri:0, instance:jl.project.ChromeTests.UserRequirement4_2_Test@5ab9e72c]" started-at="2021-04-05T11:58:24Z" name="createAndDeleteACategoryWithKeyboardOnly_SpaceKey" finished-at="2021-04-05T11:58:44Z" duration-ms="20465" status="PASS">
          <reporter-output>
          </reporter-output>
        </test-method> <!-- createAndDeleteACategoryWithKeyboardOnly_SpaceKey -->
        <test-method is-config="true" signature="navigate()[pri:0, instance:jl.project.ChromeTests.UserRequirement4_2_Test@5ab9e72c]" started-at="2021-04-05T11:58:44Z" name="navigate" finished-at="2021-04-05T11:58:44Z" duration-ms="134" status="PASS">
          <reporter-output>
          </reporter-output>
        </test-method> <!-- navigate -->
        <test-method signature="createAndDeleteItemWithKeyboardOnly_SpaceKey()[pri:0, instance:jl.project.ChromeTests.UserRequirement4_2_Test@5ab9e72c]" started-at="2021-04-05T11:58:44Z" name="createAndDeleteItemWithKeyboardOnly_SpaceKey" finished-at="2021-04-05T11:59:03Z" duration-ms="18098" status="PASS">
          <reporter-output>
          </reporter-output>
        </test-method> <!-- createAndDeleteItemWithKeyboardOnly_SpaceKey -->
        <test-method is-config="true" signature="navigate()[pri:0, instance:jl.project.ChromeTests.UserRequirement4_2_Test@5ab9e72c]" started-at="2021-04-05T11:59:03Z" name="navigate" finished-at="2021-04-05T11:59:03Z" duration-ms="259" status="PASS">
          <reporter-output>
          </reporter-output>
        </test-method> <!-- navigate -->
        <test-method signature="HideAndDisplayItemsWithKeyboardOnly_SpaceKey()[pri:0, instance:jl.project.ChromeTests.UserRequirement4_2_Test@5ab9e72c]" started-at="2021-04-05T11:59:03Z" name="HideAndDisplayItemsWithKeyboardOnly_SpaceKey" depends-on-groups="creation_deletion_Chrome_2" finished-at="2021-04-05T12:00:32Z" duration-ms="89608" status="PASS">
          <reporter-output>
          </reporter-output>
        </test-method> <!-- HideAndDisplayItemsWithKeyboardOnly_SpaceKey -->
        <test-method is-config="true" signature="releseResources()[pri:0, instance:jl.project.ChromeTests.UserRequirement4_2_Test@5ab9e72c]" started-at="2021-04-05T12:00:32Z" name="releseResources" finished-at="2021-04-05T12:00:33Z" duration-ms="714" status="PASS">
          <reporter-output>
          </reporter-output>
        </test-method> <!-- releseResources -->
      </class> <!-- jl.project.ChromeTests.UserRequirement4_2_Test -->
    </test> <!-- User Requirement 4 Part 2 -->
  </suite> <!-- Test Suite Chrome -->
</testng-results>
