<?xml version="1.0" encoding="UTF-8"?>
<!-- Generated by org.testng.reporters.JUnitXMLReporter -->
<testsuite ignored="0" hostname="mm.home" failures="1" tests="1" name="Pa11y Test" time="25.289" errors="0" timestamp="31 Mar 2021 02:16:46 GMT">
  <testcase classname="jl.project.Pa11yTest.UserRequirement5_Pa11yTest" name="@AfterClass release" time="0.23">
    <failure type="java.lang.NullPointerException" message="Cannot invoke &amp;quot;java.lang.Process.supportsNormalTermination()&amp;quot; because &amp;quot;this.this$0.process_angular&amp;quot; is null">
      <![CDATA[java.lang.NullPointerException: Cannot invoke "java.lang.Process.supportsNormalTermination()" because "this.this$0.process_angular" is nullat jl.project.Pa11yTest.UserRequirement5_Pa11yTest$2.call(UserRequirement5_Pa11yTest.java:220)at jl.project.Pa11yTest.UserRequirement5_Pa11yTest$2.call(UserRequirement5_Pa11yTest.java:1)at org.awaitility.core.CallableCondition$ConditionEvaluationWrapper.eval(CallableCondition.java:99)at org.awaitility.core.ConditionAwaiter$ConditionPoller.call(ConditionAwaiter.java:203)at org.awaitility.core.ConditionAwaiter$ConditionPoller.call(ConditionAwaiter.java:190)at java.base/java.util.concurrent.FutureTask.run(FutureTask.java:264)at java.base/java.util.concurrent.ThreadPoolExecutor.runWorker(ThreadPoolExecutor.java:1130)at java.base/java.util.concurrent.ThreadPoolExecutor$Worker.run(ThreadPoolExecutor.java:630)at java.base/java.lang.Thread.run(Thread.java:832)]]>
    </failure>
  </testcase> <!-- @AfterClass release -->
  <testcase classname="jl.project.Pa11yTest.UserRequirement5_Pa11yTest" name="pa11yTest" time="0.006">
    <failure type="java.lang.AssertionError">
      <![CDATA[java.lang.AssertionErrorat org.junit.Assert.fail(Assert.java:87)at org.junit.Assert.assertTrue(Assert.java:42)at org.junit.Assert.assertTrue(Assert.java:53)at jl.project.Pa11yTest.UserRequirement5_Pa11yTest.pa11yTest(UserRequirement5_Pa11yTest.java:199)... Removed 25 stack frames]]>
    </failure>
  </testcase> <!-- pa11yTest -->
</testsuite> <!-- Pa11y Test -->
