<?xml version="1.0" encoding="UTF-8"?>
<!-- Generated by org.testng.reporters.JUnitXMLReporter -->
<testsuite ignored="0" hostname="mm.home" failures="1" tests="2" name="User Requirement 2" time="7.414" errors="0" timestamp="12 Mar 2021 17:53:09 GMT">
  <testcase classname="jl.project.FirefoxTests.UserRequirement2_Test" name="createItem" time="0.643">
    <failure type="org.junit.ComparisonFailure" message="expected:&amp;lt;[tru]e&amp;gt; but was:&amp;lt;[fals]e&amp;gt;">
      <![CDATA[org.junit.ComparisonFailure: expected:<[tru]e> but was:<[fals]e>at jl.project.FirefoxTests.UserRequirement2_Test.createItem(UserRequirement2_Test.java:81)... Removed 29 stack frames]]>
    </failure>
  </testcase> <!-- createItem -->
  <testcase classname="jl.project.FirefoxTests.UserRequirement2_Test" name="deleteItem" time="0.51"/>
</testsuite> <!-- User Requirement 2 -->
