<?xml version="1.0" encoding="UTF-8"?>
<!-- Generated by org.testng.reporters.JUnitXMLReporter -->
<testsuite ignored="0" hostname="LAPTOP-43HQCE5G" failures="0" tests="2" name="User Requirement 1" time="8.22" errors="0" timestamp="14 Feb 2021 03:22:58 GMT">
  <testcase classname="jl.project.FirefoxTests.UserRequirement1" name="createCategory" time="0.712"/>
  <testcase classname="jl.project.FirefoxTests.UserRequirement1" name="deleteCategory" time="0.677"/>
</testsuite> <!-- User Requirement 1 -->
