<?xml version="1.0" encoding="UTF-8"?>
<!-- Generated by org.testng.reporters.JUnitXMLReporter -->
<testsuite ignored="0" hostname="DESKTOP-CL5VKH3" failures="0" tests="2" name="User Requirement 1" time="5.063" errors="0" timestamp="01 Mar 2021 03:17:59 GMT">
  <testcase classname="jl.project.ChromeTests.UserRequirement1_Test" name="createCategory" time="0.436"/>
  <testcase classname="jl.project.ChromeTests.UserRequirement1_Test" name="deleteCategory" time="0.25"/>
</testsuite> <!-- User Requirement 1 -->
