<?xml version="1.0" encoding="UTF-8"?>
<!-- Generated by org.testng.reporters.JUnitXMLReporter -->
<testsuite ignored="0" hostname="mm.home" failures="1" tests="1" name="User Requirement 3" time="8.598" errors="0" timestamp="05 Apr 2021 11:57:08 GMT">
  <testcase classname="jl.project.ChromeTests.UserRequirement3_Test" name="hideAndDisplayItem" time="7.51">
    <failure type="java.lang.AssertionError" message="The item label seems to be absent from the screenshot: To-Do List Credits Works you might like
Please use this form to add a new category.
Name of the category to add: [GED
Add the category
The next form is for adding a new item.
Name of the item to add: [GED
Add the item to the category
Credits:
« W The trash can icon by Google Inc is licensed under a Creative Commons BY 4.0 license. No changes were made to the icon.
+ © The plus sign icon by Font Awesome is licensed under a Creative Commons BY 4.0 license. No changes were made to the icon
« Source of the retriever puppies picture, by Chevanon photography.
« Link to the description of the Creative Commons BY 4.0 License
Works you might like to know about:
Use of permaculture in a dry place of Senegal.
Use of permaculture in a dry place of Jordan.
Supporting the World Food Programme, with as litle as 80 cents for a meal.
">
      <![CDATA[java.lang.AssertionError: The item label seems to be absent from the screenshot: To-Do List Credits Works you might likePlease use this form to add a new category.Name of the category to add: [GEDAdd the categoryThe next form is for adding a new item.Name of the item to add: [GEDAdd the item to the categoryCredits:« W The trash can icon by Google Inc is licensed under a Creative Commons BY 4.0 license. No changes were made to the icon.+ © The plus sign icon by Font Awesome is licensed under a Creative Commons BY 4.0 license. No changes were made to the icon« Source of the retriever puppies picture, by Chevanon photography.« Link to the description of the Creative Commons BY 4.0 LicenseWorks you might like to know about:Use of permaculture in a dry place of Senegal.Use of permaculture in a dry place of Jordan.Supporting the World Food Programme, with as litle as 80 cents for a meal.at jl.project.ChromeTests.UserRequirement3_Test.hideAndDisplayItem(UserRequirement3_Test.java:145)... Removed 26 stack frames]]>
    </failure>
  </testcase> <!-- hideAndDisplayItem -->
</testsuite> <!-- User Requirement 3 -->
