<?xml version="1.0" encoding="UTF-8"?>
<!-- Generated by org.testng.reporters.JUnitXMLReporter -->
<testsuite ignored="0" hostname="jl-Ubuntu" failures="2" tests="2" name="User Requirement 2" time="3.118" errors="0" timestamp="31 Mar 2021 02:33:05 GMT">
  <testcase classname="jl.project.ChromeTests.UserRequirement2_Test" name="createItem" time="0.835">
    <failure type="org.junit.ComparisonFailure" message="expected:&amp;lt;[tru]e&amp;gt; but was:&amp;lt;[fals]e&amp;gt;">
      <![CDATA[org.junit.ComparisonFailure: expected:<[tru]e> but was:<[fals]e>at jl.project.ChromeTests.UserRequirement2_Test.createItem(UserRequirement2_Test.java:100)... Removed 29 stack frames]]>
    </failure>
  </testcase> <!-- createItem -->
  <testcase classname="jl.project.ChromeTests.UserRequirement2_Test" name="deleteItem" time="0.039">
    <failure type="java.lang.AssertionError" message="There should be one item. Number of item found: 0">
      <![CDATA[java.lang.AssertionError: There should be one item. Number of item found: 0at jl.project.ChromeTests.UserRequirement2_Test.deleteItem(UserRequirement2_Test.java:115)... Removed 25 stack frames]]>
    </failure>
  </testcase> <!-- deleteItem -->
</testsuite> <!-- User Requirement 2 -->
