<?xml version="1.0" encoding="UTF-8"?>
<!-- Generated by org.testng.reporters.JUnitXMLReporter -->
<testsuite ignored="0" hostname="LAPTOP-43HQCE5G" failures="0" tests="3" name="User Requirement 4 Part 2" time="100.784" errors="0" timestamp="15 Feb 2021 14:15:29 GMT">
  <testcase classname="jl.project.ChromeTests.UserRequirement4_2" name="createAndDeleteACategoryWithKeyboardOnly_SpaceKey" time="22.958"/>
  <testcase classname="jl.project.ChromeTests.UserRequirement4_2" name="createAndDeleteItemWithKeyboardOnly_SpaceKey" time="19.505"/>
  <testcase classname="jl.project.ChromeTests.UserRequirement4_2" name="HideAndDisplayItemsWithKeyboardOnly_SpaceKey" time="54.135"/>
</testsuite> <!-- User Requirement 4 Part 2 -->
