<?xml version="1.0" encoding="UTF-8"?>
<!-- Generated by org.testng.reporters.JUnitXMLReporter -->
<testsuite ignored="0" hostname="LAPTOP-43HQCE5G" failures="0" tests="3" name="User Requirement 4 Part 2" time="102.461" errors="0" timestamp="15 Feb 2021 06:00:43 GMT">
  <testcase classname="jl.project.ChromeTests.UserRequirement4_2" name="createAndDeleteACategoryWithKeyboardOnly_SpaceKey" time="22.978"/>
  <testcase classname="jl.project.ChromeTests.UserRequirement4_2" name="createAndDeleteItemWithKeyboardOnly_SpaceKey" time="19.502"/>
  <testcase classname="jl.project.ChromeTests.UserRequirement4_2" name="HideAndDisplayItemsWithKeyboardOnly_SpaceKey" time="55.419"/>
</testsuite> <!-- User Requirement 4 Part 2 -->
