<?xml version="1.0" encoding="UTF-8"?>
<!-- Generated by org.testng.reporters.JUnitXMLReporter -->
<testsuite ignored="0" hostname="DESKTOP-CL5VKH3" failures="0" tests="3" name="User Requirement 4 Part 1" time="92.707" errors="0" timestamp="01 Mar 2021 03:19:51 GMT">
  <testcase classname="jl.project.ChromeTests.UserRequirement4_1_Test" name="createAndDeleteACategoryWithKeyboardOnly_EnterKey" time="22.731"/>
  <testcase classname="jl.project.ChromeTests.UserRequirement4_1_Test" name="createAndDeleteItemWithKeyboardOnly_EnterKey" time="19.469"/>
  <testcase classname="jl.project.ChromeTests.UserRequirement4_1_Test" name="HideAndDisplayItemsWithKeyboardOnly_EnterKey" time="46.271"/>
</testsuite> <!-- User Requirement 4 Part 1 -->
