<?xml version="1.0" encoding="UTF-8"?>
<!-- Generated by org.testng.reporters.JUnitXMLReporter -->
<testsuite ignored="0" hostname="DESKTOP-CL5VKH3" failures="0" tests="2" name="User Requirement 1" time="5.424" errors="0" timestamp="26 Feb 2021 14:35:11 GMT">
  <testcase classname="jl.project.ChromeTests.UserRequirement1" name="createCategory" time="0.495"/>
  <testcase classname="jl.project.ChromeTests.UserRequirement1" name="deleteCategory" time="0.286"/>
</testsuite> <!-- User Requirement 1 -->
