<?xml version="1.0" encoding="UTF-8"?>
<!-- Generated by org.testng.reporters.JUnitXMLReporter -->
<testsuite ignored="0" hostname="jl-Ubuntu" failures="2" tests="3" name="User Requirement 4 Part 1" time="39.699" errors="0" timestamp="28 Feb 2021 17:05:57 GMT">
  <testcase classname="jl.project.ChromeTests.UserRequirement4_1" name="createAndDeleteACategoryWithKeyboardOnly_EnterKey" time="9.306">
    <failure type="org.junit.ComparisonFailure" message="expected:&amp;lt;[tru]e&amp;gt; but was:&amp;lt;[fals]e&amp;gt;">
      <![CDATA[org.junit.ComparisonFailure: expected:<[tru]e> but was:<[fals]e>at jl.project.ChromeTests.UserRequirement4_1.createAndDeleteACategoryWithKeyboardOnly_EnterKey(UserRequirement4_1.java:112)... Removed 29 stack frames]]>
    </failure>
  </testcase> <!-- createAndDeleteACategoryWithKeyboardOnly_EnterKey -->
  <testcase classname="jl.project.ChromeTests.UserRequirement4_1" name="createAndDeleteItemWithKeyboardOnly_EnterKey" time="26.894">
    <failure type="org.junit.ComparisonFailure" message="expected:&amp;lt;[tru]e&amp;gt; but was:&amp;lt;[fals]e&amp;gt;">
      <![CDATA[org.junit.ComparisonFailure: expected:<[tru]e> but was:<[fals]e>at jl.project.ChromeTests.UserRequirement4_1.createAndDeleteItemWithKeyboardOnly_EnterKey(UserRequirement4_1.java:258)... Removed 29 stack frames]]>
    </failure>
  </testcase> <!-- createAndDeleteItemWithKeyboardOnly_EnterKey -->
  <testcase classname="jl.project.ChromeTests.UserRequirement4_1" name="HideAndDisplayItemsWithKeyboardOnly_EnterKey" time="0.0">
    <skipped/>
  </testcase> <!-- HideAndDisplayItemsWithKeyboardOnly_EnterKey -->
</testsuite> <!-- User Requirement 4 Part 1 -->
